<?xml version="1.0" encoding="UTF-8"?>
<testng-results skipped="0" failed="0" ignored="0" total="2" passed="2">
  <reporter-output>
  </reporter-output>
  <suite name="Default suite" duration-ms="24397" started-at="2019-11-15T14:20:00 IST" finished-at="2019-11-15T14:20:24 IST">
    <groups>
    </groups>
    <test name="Default test" duration-ms="24397" started-at="2019-11-15T14:20:00 IST" finished-at="2019-11-15T14:20:24 IST">
      <class name="newtest.openbrowser">
        <test-method status="PASS" signature="beforeTest()[pri:0, instance:newtest.openbrowser@2758fe70]" name="beforeTest" is-config="true" duration-ms="13212" started-at="2019-11-15T14:20:00 IST" finished-at="2019-11-15T14:20:13 IST">
          <reporter-output>
          </reporter-output>
        </test-method> <!-- beforeTest -->
        <test-method status="PASS" signature="f()[pri:0, instance:newtest.openbrowser@2758fe70]" name="f" duration-ms="6077" started-at="2019-11-15T14:20:13 IST" finished-at="2019-11-15T14:20:19 IST">
          <reporter-output>
          </reporter-output>
        </test-method> <!-- f -->
        <test-method status="PASS" signature="f1()[pri:0, instance:newtest.openbrowser@2758fe70]" name="f1" duration-ms="871" started-at="2019-11-15T14:20:19 IST" finished-at="2019-11-15T14:20:20 IST">
          <reporter-output>
          </reporter-output>
        </test-method> <!-- f1 -->
        <test-method status="PASS" signature="afterTest()[pri:0, instance:newtest.openbrowser@2758fe70]" name="afterTest" is-config="true" duration-ms="4166" started-at="2019-11-15T14:20:20 IST" finished-at="2019-11-15T14:20:24 IST">
          <reporter-output>
          </reporter-output>
        </test-method> <!-- afterTest -->
      </class> <!-- newtest.openbrowser -->
    </test> <!-- Default test -->
  </suite> <!-- Default suite -->
</testng-results>
